[debug] [2024-01-18T00:23:26.998Z] ----------------------------------------------------------------------
[debug] [2024-01-18T00:23:26.999Z] Command:       C:\Program Files\nodejs\node.exe C:\Users\48573\AppData\Roaming\npm\node_modules\firebase-tools\lib\bin\firebase.js init
[debug] [2024-01-18T00:23:26.999Z] CLI Version:   13.0.3
[debug] [2024-01-18T00:23:27.000Z] Platform:      win32
[debug] [2024-01-18T00:23:27.000Z] Node Version:  v18.18.1
[debug] [2024-01-18T00:23:27.001Z] Time:          Thu Jan 18 2024 01:23:27 GMT+0100 (czas środkowoeuropejski standardowy)
[debug] [2024-01-18T00:23:27.001Z] ----------------------------------------------------------------------
[debug] 
[debug] [2024-01-18T00:23:27.005Z] > command requires scopes: ["email","openid","https://www.googleapis.com/auth/cloudplatformprojects.readonly","https://www.googleapis.com/auth/firebase","https://www.googleapis.com/auth/cloud-platform"]
[debug] [2024-01-18T00:23:27.006Z] > authorizing via signed-in user (sebaa1080@gmail.com)
[info] 
     ######## #### ########  ######## ########     ###     ######  ########
     ##        ##  ##     ## ##       ##     ##  ##   ##  ##       ##
     ######    ##  ########  ######   ########  #########  ######  ######
     ##        ##  ##    ##  ##       ##     ## ##     ##       ## ##
     ##       #### ##     ## ######## ########  ##     ##  ######  ########

You're about to initialize a Firebase project in this directory:

  C:\Users\48573\Desktop\3sem\projektprogramistyczny-ssjablonski

[info] 
=== Project Setup
[info] 
[info] First, let's associate this project directory with a Firebase project.
[info] You can create multiple project aliases by running firebase use --add, 
[info] but for now we'll just set up a default project.
[info] 
[info] i  If you want to create a project in a Google Cloud organization or folder, please use "firebase projects:create" instead, and return to this command when you've created the project. 
